0.00010371208190917969 seconds for overlap integrals
0.0003151893615722656 seconds for kinetic integrals
0.005843400955200195 seconds for coulomb integrals
0.5159425735473633 seconds for two elec integrals
406
4.785065751815716
0.7413803208589642
0.13687336735613373
1.118946840472896
0.25663337135461495
0.8172062958357494
0.0
0.0
0.0
0.024477410781167188
0.0
0.0
0.0
0.03780860585331663
0.18051838763154385
1.1158138186289555
0.25668396933614684
0.8170225910993404
0.0
0.0
0.8801590896471141
-5.925302426455983e-18
-1.10852172152505e-18
-2.2978586153661886e-19
0.0
0.0
-6.222834432326067e-19
0.024477410781167188
3.0259619176731932e-18
9.1616211832184e-19
3.4817507562789144e-19
0.0
0.0
4.925143306349869e-19
0.03780860585331663
0.18051838763154385
0.0
0.0
0.0
4.496726579262516e-19
-2.0561497641734443e-19
0.0
0.0
0.0
0.04744444436276903
1.1158138186289555
0.25668396933614684
0.8170225910993404
0.0
0.0
0.7852702009215761
2.770618726198962e-19
8.128437780029771e-20
0.0
0.8801590896471141
0.0
0.0
0.0
0.0
0.0
0.0
0.0
0.0
0.0
0.0
0.024477410781167188
0.0
0.0
0.0
0.0
0.0
0.0
0.0
0.0
0.0
0.0
0.03780860585331663
0.18051838763154385
0.0
0.0
0.0
0.0
0.0
0.0
0.0
0.0
0.0
0.0
0.0
0.0
0.04744444436276903
0.0
0.0
0.0
0.0
0.0
0.0
0.0
0.0
0.0
0.0
4.496726579262516e-19
-2.0561497641734443e-19
0.0
0.04744444436276903
1.1158138186289555
0.25668396933614684
0.8170225910993404
0.0
0.0
0.7852702009215761
-6.222834432326065e-19
4.925143306349866e-19
0.0
0.7852702009215761
0.0
0.0
0.0
0.0
0.8801590896471141
0.12178534848835977
0.02230923385828974
0.041611619805901195
0.0008073850944985487
0.0015191129634708933
0.041685943668691446
0.0006307983693877467
0.001186861123400328
0.00012184870942158206
0.04162518307795335
0.0
0.0
0.0
0.0
0.04152998443267384
0.0036831077162594247
0.313334138102431
0.07284010572739594
0.2588844937735801
0.004317163308564874
0.033774591843995574
0.2626354274690894
0.003372937640265325
0.02638760314885575
0.006469355665682948
0.259409444413481
0.0
0.0
0.0
0.0
0.25435502981912106
0.012121617173748869
0.1038165675705443
0.18353857874230395
0.043197735600927684
0.16391045616656508
0.009644729242519634
0.06401211850207143
0.17536543069872929
0.0017449208464722944
0.01570975703492827
0.0092827557320827
0.1596062031885922
0.0
0.0
0.0
0.0
0.15657254763253975
0.00748764152526765
0.07987622667091694
0.07510322055218764
0.14339605348089313
0.03374976992265637
0.12806088343715
0.0017449208464722938
0.015709757034928266
0.12621078301481642
0.008774613982980389
0.05617835380874438
0.009945153099275468
0.13549773982892727
0.0
0.0
0.0
0.0
0.12232788097089253
0.005849986700128884
0.062406147797605914
0.04746040145501903
0.0514368063343974
0.0
0.0
0.0
0.0
0.0
0.0
0.0
0.0
0.0
0.0
0.007411332406239084
0.043904546441437015
0.006911497543222912
0.005399853688158797
0.0
0.0
0.0
0.0
0.0
0.014356676849337105
0.470723327583749
0.1111917997644895
0.45466066080324036
0.008115429820056107
0.0888502408106333
0.4711876668992527
0.006340468671336474
0.06941741605703726
0.026905489396365483
0.45777108302584757
0.0
0.0
0.0
0.0
0.43675021088632937
0.018641084747920172
0.2354209623259176
0.2066900490370709
0.1614839644546993
0.0
0.7746059442114873
0.12178534848835977
0.02230923385828974
0.041611619805901195
-0.0008073850944985487
-0.0015191129634708933
0.041685943668691446
0.0006307983693877467
0.001186861123400328
-0.00012184870942158206
0.04162518307795335
0.0
0.0
0.0
0.0
0.04152998443267384
0.0036263467991717673
0.011738085769543292
0.006661611831947747
0.005670572042755567
0.0
0.01789092980055631
0.0036831077162594247
0.313334138102431
0.07284010572739594
0.2588844937735801
-0.004317163308564874
-0.033774591843995574
0.2626354274690894
0.003372937640265325
0.02638760314885575
-0.006469355665682948
0.259409444413481
0.0
0.0
0.0
0.0
0.25435502981912106
0.011738085769543292
0.08280531621675391
0.04424169345886861
0.048360760044274906
0.0
0.1519245916156316
0.012121617173748869
0.1038165675705443
-0.18353857874230395
-0.043197735600927684
-0.16391045616656508
0.009644729242519634
0.06401211850207143
-0.17536543069872929
-0.0017449208464722944
-0.01570975703492827
0.0092827557320827
-0.1596062031885922
0.0
0.0
0.0
0.0
-0.15657254763253975
-0.006661611831947746
-0.04424169345886862
-0.013160943322713649
-0.025320152414904783
0.0
-0.07361542540118456
-0.00748764152526765
-0.07987622667091694
0.07510322055218764
0.14339605348089313
0.03374976992265637
0.12806088343715
-0.0017449208464722938
-0.015709757034928266
0.12621078301481642
0.008774613982980389
0.05617835380874438
-0.009945153099275468
0.13549773982892727
0.0
0.0
0.0
0.0
0.12232788097089253
0.005670572042755568
0.0483607600442749
0.025320152414904776
0.03885770478677081
0.0
0.09675217772830193
0.005849986700128884
0.062406147797605914
-0.04746040145501903
0.0514368063343974
0.0
0.0
0.0
0.0
0.0
0.0
0.0
0.0
0.0
0.0
0.007411332406239084
0.043904546441437015
-0.006911497543222912
0.005399853688158797
0.0
0.0
0.0
0.0
0.0
0.011033892070013528
0.0
0.0
0.0
0.0
0.0
0.014356676849337105
0.1058644429678085
0.02484761194400295
0.09619308552109981
-6.098637220230962e-20
-5.421010862427522e-19
0.09580682078677237
0.0017804850691170264
0.016738373763825365
-2.439454888092385e-19
0.09876234977051238
0.0
0.0
0.0
0.0
0.09390379124452254
0.0040917672580810015
0.03841548744679964
0.025685197838626505
0.025974451508086797
0.0
0.09135370535840785
0.004091767258081002
0.03841548744679964
-0.025685197838626505
0.025974451508086797
0.0
0.01786132641731318
0.470723327583749
0.1111917997644895
0.45466066080324036
-0.008115429820056107
-0.0888502408106333
0.4711876668992527
0.006340468671336474
0.06941741605703726
-0.026905489396365483
0.45777108302584757
0.0
0.0
0.0
0.0
0.43675021088632937
0.017890929800556322
0.15192459161563163
0.07361542540118456
0.096752177728302
0.0
0.30253791080750103
0.018641084747920172
0.2354209623259176
-0.2066900490370709
0.1614839644546993
0.0
0.09135370535840781
0.7746059442114873
